0 info it worked if it ends with ok
1 verbose cli [ 'C:\\Program Files\\nodejs\\\\node.exe',
1 verbose cli   'C:\\Program Files\\nodejs\\node_modules\\npm\\bin\\npm-cli.js',
1 verbose cli   'install',
1 verbose cli   'memwatch',
1 verbose cli   '--save-dev' ]
2 info using npm@1.2.18
3 info using node@v0.10.5
4 verbose node symlink C:\Program Files\nodejs\\node.exe
5 verbose read json D:\nodegame\package.json
6 verbose read json D:\nodegame\node_modules\async\package.json
7 verbose read json D:\nodegame\node_modules\coffee-script\package.json
8 verbose read json D:\nodegame\node_modules\express\package.json
9 verbose read json D:\nodegame\node_modules\fibers\package.json
10 verbose read json D:\nodegame\node_modules\grunt\package.json
11 verbose read json D:\nodegame\node_modules\grunt-contrib-coffee\package.json
12 verbose read json D:\nodegame\node_modules\grunt-contrib-uglify\package.json
13 verbose read json D:\nodegame\node_modules\grunt-develop\package.json
14 verbose read json D:\nodegame\node_modules\grunt-mocha-test\package.json
15 verbose read json D:\nodegame\node_modules\mocha\package.json
16 verbose read json D:\nodegame\node_modules\redis\package.json
17 verbose read json D:\nodegame\node_modules\sha1\package.json
18 verbose read json D:\nodegame\node_modules\sockjs\package.json
19 verbose read json D:\nodegame\node_modules\underscore\package.json
20 verbose from cache D:\nodegame\package.json
21 verbose readDependencies using package.json deps
22 verbose cache add [ 'memwatch', null ]
23 verbose cache add name=undefined spec="memwatch" args=["memwatch",null]
24 verbose parsed url { protocol: null,
24 verbose parsed url   slashes: null,
24 verbose parsed url   auth: null,
24 verbose parsed url   host: null,
24 verbose parsed url   port: null,
24 verbose parsed url   hostname: null,
24 verbose parsed url   hash: null,
24 verbose parsed url   search: null,
24 verbose parsed url   query: null,
24 verbose parsed url   pathname: 'memwatch',
24 verbose parsed url   path: 'memwatch',
24 verbose parsed url   href: 'memwatch' }
25 silly lockFile 6099d716-memwatch memwatch
26 verbose lock memwatch C:\Users\deif\AppData\Roaming\npm-cache\6099d716-memwatch.lock
27 silly lockFile 6099d716-memwatch memwatch
28 silly lockFile 6099d716-memwatch memwatch
29 verbose addNamed [ 'memwatch', '' ]
30 verbose addNamed [ null, '' ]
31 silly lockFile 0703982f-memwatch memwatch@
32 verbose lock memwatch@ C:\Users\deif\AppData\Roaming\npm-cache\0703982f-memwatch.lock
33 silly addNameRange { name: 'memwatch', range: '', hasData: false }
34 verbose url raw memwatch
35 verbose url resolving [ 'https://registry.npmjs.org/', './memwatch' ]
36 verbose url resolved https://registry.npmjs.org/memwatch
37 info trying registry request attempt 1 at 18:13:45
38 http GET https://registry.npmjs.org/memwatch
39 http 200 https://registry.npmjs.org/memwatch
40 silly registry.get cb [ 200,
40 silly registry.get   { vary: 'Accept',
40 silly registry.get     server: 'CouchDB/1.3.0 (Erlang OTP/R15B03)',
40 silly registry.get     etag: '"9G88QRMCUNX2XZUR1E8BT0DZA"',
40 silly registry.get     date: 'Tue, 07 May 2013 09:13:48 GMT',
40 silly registry.get     'content-type': 'application/json',
40 silly registry.get     'content-length': '38132' } ]
41 silly addNameRange number 2 { name: 'memwatch', range: '', hasData: true }
42 silly addNameRange versions [ 'memwatch',
42 silly addNameRange   [ '0.1.0',
42 silly addNameRange     '0.1.1',
42 silly addNameRange     '0.1.2',
42 silly addNameRange     '0.1.3',
42 silly addNameRange     '0.1.4',
42 silly addNameRange     '0.1.5',
42 silly addNameRange     '0.2.0',
42 silly addNameRange     '0.2.1',
42 silly addNameRange     '0.2.2' ] ]
43 verbose addNamed [ 'memwatch', '0.2.2' ]
44 verbose addNamed [ '0.2.2', '0.2.2' ]
45 silly lockFile de70a2ed-memwatch-0-2-2 memwatch@0.2.2
46 verbose lock memwatch@0.2.2 C:\Users\deif\AppData\Roaming\npm-cache\de70a2ed-memwatch-0-2-2.lock
47 silly lockFile 569b637e--org-memwatch-memwatch-0-2-2-tgz https://registry.npmjs.org/memwatch/-/memwatch-0.2.2.tgz
48 verbose lock https://registry.npmjs.org/memwatch/-/memwatch-0.2.2.tgz C:\Users\deif\AppData\Roaming\npm-cache\569b637e--org-memwatch-memwatch-0-2-2-tgz.lock
49 verbose addRemoteTarball [ 'https://registry.npmjs.org/memwatch/-/memwatch-0.2.2.tgz',
49 verbose addRemoteTarball   '779e8cd982532b6221b6ed1c1269098bee16f92c' ]
50 info retry fetch attempt 1 at 18:13:47
51 verbose fetch to= C:\Users\deif\AppData\Local\Temp\npm-11448\1367918027665-0.046039139619097114\tmp.tgz
52 http GET https://registry.npmjs.org/memwatch/-/memwatch-0.2.2.tgz
53 http 200 https://registry.npmjs.org/memwatch/-/memwatch-0.2.2.tgz
54 silly shasum updated bytes 11266
55 info shasum 779e8cd982532b6221b6ed1c1269098bee16f92c
55 info shasum C:\Users\deif\AppData\Local\Temp\npm-11448\1367918027665-0.046039139619097114\tmp.tgz
56 verbose tar unpack C:\Users\deif\AppData\Local\Temp\npm-11448\1367918027665-0.046039139619097114\tmp.tgz
57 silly lockFile 35558379-665-0-046039139619097114-package C:\Users\deif\AppData\Local\Temp\npm-11448\1367918027665-0.046039139619097114\package
58 verbose lock C:\Users\deif\AppData\Local\Temp\npm-11448\1367918027665-0.046039139619097114\package C:\Users\deif\AppData\Roaming\npm-cache\35558379-665-0-046039139619097114-package.lock
59 silly lockFile 1645ec7d-665-0-046039139619097114-tmp-tgz C:\Users\deif\AppData\Local\Temp\npm-11448\1367918027665-0.046039139619097114\tmp.tgz
60 verbose lock C:\Users\deif\AppData\Local\Temp\npm-11448\1367918027665-0.046039139619097114\tmp.tgz C:\Users\deif\AppData\Roaming\npm-cache\1645ec7d-665-0-046039139619097114-tmp-tgz.lock
61 silly gunzTarPerm modes [ '755', '644' ]
62 silly gunzTarPerm extractEntry package.json
63 silly gunzTarPerm extractEntry .npmignore
64 silly gunzTarPerm extractEntry README.md
65 silly gunzTarPerm extractEntry tests.js
66 silly gunzTarPerm extractEntry foo.js
67 silly gunzTarPerm extractEntry include.js
68 silly gunzTarPerm extractEntry .travis.yml
69 silly gunzTarPerm extractEntry ChangeLog
70 silly gunzTarPerm extractEntry #wscript#
71 silly gunzTarPerm extractEntry binding.gyp
72 silly gunzTarPerm extractEntry src/heapdiff.cc
73 silly gunzTarPerm extractEntry src/heapdiff.hh
74 silly gunzTarPerm extractEntry src/init.cc
75 silly gunzTarPerm extractEntry src/memwatch.cc
76 silly gunzTarPerm extractEntry src/memwatch.hh
77 silly gunzTarPerm extractEntry src/platformcompat.hh
78 silly gunzTarPerm extractEntry src/util.cc
79 silly gunzTarPerm extractEntry src/util.hh
80 silly gunzTarPerm extractEntry examples/basic_heapdiff.js
81 silly gunzTarPerm extractEntry examples/do_nothing_server.js
82 silly gunzTarPerm extractEntry examples/slightly_leaky.js
83 verbose read json C:\Users\deif\AppData\Local\Temp\npm-11448\1367918027665-0.046039139619097114\package\package.json
84 silly lockFile 35558379-665-0-046039139619097114-package C:\Users\deif\AppData\Local\Temp\npm-11448\1367918027665-0.046039139619097114\package
85 silly lockFile 35558379-665-0-046039139619097114-package C:\Users\deif\AppData\Local\Temp\npm-11448\1367918027665-0.046039139619097114\package
86 silly lockFile 1645ec7d-665-0-046039139619097114-tmp-tgz C:\Users\deif\AppData\Local\Temp\npm-11448\1367918027665-0.046039139619097114\tmp.tgz
87 silly lockFile 1645ec7d-665-0-046039139619097114-tmp-tgz C:\Users\deif\AppData\Local\Temp\npm-11448\1367918027665-0.046039139619097114\tmp.tgz
88 verbose from cache C:\Users\deif\AppData\Local\Temp\npm-11448\1367918027665-0.046039139619097114\package\package.json
89 verbose tar pack [ 'C:\\Users\\deif\\AppData\\Roaming\\npm-cache\\memwatch\\0.2.2\\package.tgz',
89 verbose tar pack   'C:\\Users\\deif\\AppData\\Local\\Temp\\npm-11448\\1367918027665-0.046039139619097114\\package' ]
90 verbose tarball C:\Users\deif\AppData\Roaming\npm-cache\memwatch\0.2.2\package.tgz
91 verbose folder C:\Users\deif\AppData\Local\Temp\npm-11448\1367918027665-0.046039139619097114\package
92 silly lockFile 35558379-665-0-046039139619097114-package C:\Users\deif\AppData\Local\Temp\npm-11448\1367918027665-0.046039139619097114\package
93 verbose lock C:\Users\deif\AppData\Local\Temp\npm-11448\1367918027665-0.046039139619097114\package C:\Users\deif\AppData\Roaming\npm-cache\35558379-665-0-046039139619097114-package.lock
94 silly lockFile 096db77f-cache-memwatch-0-2-2-package-tgz C:\Users\deif\AppData\Roaming\npm-cache\memwatch\0.2.2\package.tgz
95 verbose lock C:\Users\deif\AppData\Roaming\npm-cache\memwatch\0.2.2\package.tgz C:\Users\deif\AppData\Roaming\npm-cache\096db77f-cache-memwatch-0-2-2-package-tgz.lock
96 silly lockFile 35558379-665-0-046039139619097114-package C:\Users\deif\AppData\Local\Temp\npm-11448\1367918027665-0.046039139619097114\package
97 silly lockFile 35558379-665-0-046039139619097114-package C:\Users\deif\AppData\Local\Temp\npm-11448\1367918027665-0.046039139619097114\package
98 silly lockFile 096db77f-cache-memwatch-0-2-2-package-tgz C:\Users\deif\AppData\Roaming\npm-cache\memwatch\0.2.2\package.tgz
99 silly lockFile 096db77f-cache-memwatch-0-2-2-package-tgz C:\Users\deif\AppData\Roaming\npm-cache\memwatch\0.2.2\package.tgz
100 silly lockFile b85dcf0e-npm-cache-memwatch-0-2-2-package C:\Users\deif\AppData\Roaming\npm-cache\memwatch\0.2.2\package
101 verbose lock C:\Users\deif\AppData\Roaming\npm-cache\memwatch\0.2.2\package C:\Users\deif\AppData\Roaming\npm-cache\b85dcf0e-npm-cache-memwatch-0-2-2-package.lock
102 silly lockFile b85dcf0e-npm-cache-memwatch-0-2-2-package C:\Users\deif\AppData\Roaming\npm-cache\memwatch\0.2.2\package
103 silly lockFile b85dcf0e-npm-cache-memwatch-0-2-2-package C:\Users\deif\AppData\Roaming\npm-cache\memwatch\0.2.2\package
104 verbose tar unpack C:\Users\deif\AppData\Roaming\npm-cache\memwatch\0.2.2\package.tgz
105 silly lockFile b85dcf0e-npm-cache-memwatch-0-2-2-package C:\Users\deif\AppData\Roaming\npm-cache\memwatch\0.2.2\package
106 verbose lock C:\Users\deif\AppData\Roaming\npm-cache\memwatch\0.2.2\package C:\Users\deif\AppData\Roaming\npm-cache\b85dcf0e-npm-cache-memwatch-0-2-2-package.lock
107 silly lockFile 096db77f-cache-memwatch-0-2-2-package-tgz C:\Users\deif\AppData\Roaming\npm-cache\memwatch\0.2.2\package.tgz
108 verbose lock C:\Users\deif\AppData\Roaming\npm-cache\memwatch\0.2.2\package.tgz C:\Users\deif\AppData\Roaming\npm-cache\096db77f-cache-memwatch-0-2-2-package-tgz.lock
109 silly gunzTarPerm modes [ '755', '644' ]
110 silly gunzTarPerm extractEntry package.json
111 silly gunzTarPerm modified mode [ 'package.json', 438, 420 ]
112 silly gunzTarPerm extractEntry .npmignore
113 silly gunzTarPerm modified mode [ '.npmignore', 438, 420 ]
114 silly gunzTarPerm extractEntry README.md
115 silly gunzTarPerm modified mode [ 'README.md', 438, 420 ]
116 silly gunzTarPerm extractEntry tests.js
117 silly gunzTarPerm modified mode [ 'tests.js', 438, 420 ]
118 silly gunzTarPerm extractEntry include.js
119 silly gunzTarPerm modified mode [ 'include.js', 438, 420 ]
120 silly gunzTarPerm extractEntry foo.js
121 silly gunzTarPerm modified mode [ 'foo.js', 438, 420 ]
122 silly gunzTarPerm extractEntry examples/basic_heapdiff.js
123 silly gunzTarPerm modified mode [ 'examples/basic_heapdiff.js', 438, 420 ]
124 silly gunzTarPerm extractEntry examples/do_nothing_server.js
125 silly gunzTarPerm modified mode [ 'examples/do_nothing_server.js', 438, 420 ]
126 silly gunzTarPerm extractEntry examples/slightly_leaky.js
127 silly gunzTarPerm modified mode [ 'examples/slightly_leaky.js', 438, 420 ]
128 silly gunzTarPerm extractEntry ChangeLog
129 silly gunzTarPerm modified mode [ 'ChangeLog', 438, 420 ]
130 silly gunzTarPerm extractEntry binding.gyp
131 silly gunzTarPerm modified mode [ 'binding.gyp', 438, 420 ]
132 silly gunzTarPerm extractEntry .travis.yml
133 silly gunzTarPerm modified mode [ '.travis.yml', 438, 420 ]
134 silly gunzTarPerm extractEntry src/heapdiff.cc
135 silly gunzTarPerm modified mode [ 'src/heapdiff.cc', 438, 420 ]
136 silly gunzTarPerm extractEntry src/heapdiff.hh
137 silly gunzTarPerm modified mode [ 'src/heapdiff.hh', 438, 420 ]
138 silly gunzTarPerm extractEntry src/init.cc
139 silly gunzTarPerm modified mode [ 'src/init.cc', 438, 420 ]
140 silly gunzTarPerm extractEntry src/memwatch.cc
141 silly gunzTarPerm modified mode [ 'src/memwatch.cc', 438, 420 ]
142 silly gunzTarPerm extractEntry src/memwatch.hh
143 silly gunzTarPerm modified mode [ 'src/memwatch.hh', 438, 420 ]
144 silly gunzTarPerm extractEntry src/platformcompat.hh
145 silly gunzTarPerm modified mode [ 'src/platformcompat.hh', 438, 420 ]
146 silly gunzTarPerm extractEntry src/util.cc
147 silly gunzTarPerm modified mode [ 'src/util.cc', 438, 420 ]
148 silly gunzTarPerm extractEntry src/util.hh
149 silly gunzTarPerm modified mode [ 'src/util.hh', 438, 420 ]
150 silly gunzTarPerm extractEntry #wscript#
151 silly gunzTarPerm modified mode [ '#wscript#', 438, 420 ]
152 verbose read json C:\Users\deif\AppData\Roaming\npm-cache\memwatch\0.2.2\package\package.json
153 silly lockFile b85dcf0e-npm-cache-memwatch-0-2-2-package C:\Users\deif\AppData\Roaming\npm-cache\memwatch\0.2.2\package
154 silly lockFile b85dcf0e-npm-cache-memwatch-0-2-2-package C:\Users\deif\AppData\Roaming\npm-cache\memwatch\0.2.2\package
155 silly lockFile 096db77f-cache-memwatch-0-2-2-package-tgz C:\Users\deif\AppData\Roaming\npm-cache\memwatch\0.2.2\package.tgz
156 silly lockFile 096db77f-cache-memwatch-0-2-2-package-tgz C:\Users\deif\AppData\Roaming\npm-cache\memwatch\0.2.2\package.tgz
157 silly shasum updated bytes 11095
158 info shasum bdde6831e1eabc8426b3bc5537647b3ff94cdc7c
158 info shasum C:\Users\deif\AppData\Roaming\npm-cache\memwatch\0.2.2\package.tgz
159 verbose from cache C:\Users\deif\AppData\Roaming\npm-cache\memwatch\0.2.2\package\package.json
160 verbose chmod C:\Users\deif\AppData\Roaming\npm-cache\memwatch\0.2.2\package.tgz 644
161 silly chown skipping for windows C:\Users\deif\AppData\Roaming\npm-cache\memwatch\0.2.2\package.tgz
162 silly lockFile 569b637e--org-memwatch-memwatch-0-2-2-tgz https://registry.npmjs.org/memwatch/-/memwatch-0.2.2.tgz
163 silly lockFile 569b637e--org-memwatch-memwatch-0-2-2-tgz https://registry.npmjs.org/memwatch/-/memwatch-0.2.2.tgz
164 silly lockFile de70a2ed-memwatch-0-2-2 memwatch@0.2.2
165 silly lockFile de70a2ed-memwatch-0-2-2 memwatch@0.2.2
166 silly lockFile 0703982f-memwatch memwatch@
167 silly lockFile 0703982f-memwatch memwatch@
168 silly resolved [ { name: 'memwatch',
168 silly resolved     description: 'Keep an eye on your memory usage, and discover and isolate leaks.',
168 silly resolved     version: '0.2.2',
168 silly resolved     author: { name: 'Lloyd Hilaiel', url: 'http://lloyd.io' },
168 silly resolved     engines: { node: '>= 0.6.0' },
168 silly resolved     repository:
168 silly resolved      { type: 'git',
168 silly resolved        url: 'https://github.com/lloyd/node-memwatch.git' },
168 silly resolved     main: 'include.js',
168 silly resolved     licenses: [ [Object] ],
168 silly resolved     bugs: { url: 'https://github.com/lloyd/node-memwatch/issues' },
168 silly resolved     scripts: { install: 'node-gyp rebuild', test: 'mocha tests' },
168 silly resolved     devDependencies: { mocha: '1.2.2', should: '0.6.3', 'node-gyp': '0.5.7' },
168 silly resolved     contributors: [ [Object], [Object], [Object] ],
168 silly resolved     gypfile: true,
168 silly resolved     readme: '`node-memwatch`: Leak Detection and Heap Diffing for Node.JS\n============================================================\n\n[![Build Status](https://secure.travis-ci.org/lloyd/node-memwatch.png)](http://travis-ci.org/lloyd/node-memwatch)\n\n`node-memwatch` is here to help you detect and find memory leaks in\nNode.JS code.  It provides:\n\n- A `leak` event, emitted when it appears your code is leaking memory.\n\n- A `stats` event, emitted occasionally, giving you\n  data describing your heap usage and trends over time.\n\n- A `HeapDiff` class that lets you compare the state of your heap between\n  two points in time, telling you what has been allocated, and what\n  has been released.\n\n\nInstallation\n------------\n\n- `npm install memwatch`\n\nor\n\n- `git clone git://github.com/lloyd/node-memwatch.git`\n\n\nDescription\n-----------\n\nThere are a growing number of tools for debugging and profiling memory\nusage in Node.JS applications, but there is still a need for a\nplatform-independent native module that requires no special\ninstrumentation.  This module attempts to satisfy that need.\n\nTo get started, import `node-memwatch` like so:\n\n```javascript\nvar memwatch = require(\'memwatch\');\n```\n\n### Leak Detection\n\nYou can then subscribe to `leak` events.  A `leak` event will be\nemitted when your heap usage has increased for five consecutive\ngarbage collections:\n\n```javascript\nmemwatch.on(\'leak\', function(info) { ... });\n```\n\nThe `info` object will look something like:\n\n```javascript\n{ start: Fri, 29 Jun 2012 14:12:13 GMT,\n  end: Fri, 29 Jun 2012 14:12:33 GMT,\n  growth: 67984,\n  reason: \'heap growth over 5 consecutive GCs (20s) - 11.67 mb/hr\' }\n```\n\n\n### Heap Usage\n\nThe best way to evaluate your memory footprint is to look at heap\nusage right aver V8 performs garbage collection.  `memwatch` does\nexactly this - it checks heap usage only after GC to give you a stable\nbaseline of your actual memory usage.\n\nWhen V8 performs a garbage collection (technically, we\'re talking\nabout a full GC with heap compaction), `memwatch` will emit a `stats`\nevent.\n\n```javascript\nmemwatch.on(\'stats\', function(stats) { ... });\n```\n\nThe `stats` data will look something like this:\n\n```javascript\n{\n  "num_full_gc": 17,\n  "num_inc_gc": 8,\n  "heap_compactions": 8,\n  "estimated_base": 2592568,\n  "current_base": 2592568,\n  "min": 2499912,\n  "max": 2592568,\n  "usage_trend": 0\n}\n```\n\n`estimated_base` and `usage_trend` are tracked over time.  If usage\ntrend is consistently positive, it indicates that your base heap size\nis continuously growing and you might have a leak.\n\nV8 has its own idea of when it\'s best to perform a GC, and under a\nheavy load, it may defer this action for some time.  To aid in\nspeedier debugging, `memwatch` provides a `gc()` method to force V8 to\ndo a full GC and heap compaction.\n\n\n### Heap Diffing\n\nSo far we have seen how `memwatch` can aid in leak detection.  For\nleak isolation, it provides a `HeapDiff` class that takes two snapshots\nand computes a diff between them.  For example:\n\n```javascript\n// Take first snapshot\nvar hd = new memwatch.HeapDiff();\n\n// do some things ...\n\n// Take the second snapshot and compute the diff\nvar diff = hd.end();\n```\n\nThe contents of `diff` will look something like:\n\n```javascript\n{\n  "before": { "nodes": 11625, "size_bytes": 1869904, "size": "1.78 mb" },\n  "after":  { "nodes": 21435, "size_bytes": 2119136, "size": "2.02 mb" },\n  "change": { "size_bytes": 249232, "size": "243.39 kb", "freed_nodes": 197,\n    "allocated_nodes": 10007,\n    "details": [\n      { "what": "String",\n        "size_bytes": -2120,  "size": "-2.07 kb",  "+": 3,    "-": 62\n      },\n      { "what": "Array",\n        "size_bytes": 66687,  "size": "65.13 kb",  "+": 4,    "-": 78\n      },\n      { "what": "LeakingClass",\n        "size_bytes": 239952, "size": "234.33 kb", "+": 9998, "-": 0\n      }\n    ]\n  }\n```\n\nThe diff shows that during the sample period, the total number of\nallocated `String` and `Array` classes decreased, but `Leaking Class`\ngrew by 9998 allocations.  Hmmm.\n\nYou can use `HeapDiff` in your `on(\'stats\')` callback; even though it\ntakes a memory snapshot, which triggers a V8 GC, it will not trigger\nthe `stats` event itself.  Because that would be silly.\n\n\nFuture Work\n-----------\n\nPlease see the Issues to share suggestions and contribute!\n\n\nLicense\n-------\n\nhttp://wtfpl.org\n',
168 silly resolved     readmeFilename: 'README.md',
168 silly resolved     _id: 'memwatch@0.2.2',
168 silly resolved     dist: { shasum: 'bdde6831e1eabc8426b3bc5537647b3ff94cdc7c' },
168 silly resolved     _from: 'memwatch@',
168 silly resolved     _resolved: 'https://registry.npmjs.org/memwatch/-/memwatch-0.2.2.tgz' } ]
169 info install memwatch@0.2.2 into D:\nodegame
170 info installOne memwatch@0.2.2
171 verbose from cache C:\Users\deif\AppData\Roaming\npm-cache\memwatch\0.2.2\package\package.json
172 info D:\nodegame\node_modules\memwatch unbuild
173 verbose read json D:\nodegame\node_modules\memwatch\package.json
174 verbose tar unpack C:\Users\deif\AppData\Roaming\npm-cache\memwatch\0.2.2\package.tgz
175 silly lockFile 1fabc9c1-D-nodegame-node-modules-memwatch D:\nodegame\node_modules\memwatch
176 verbose lock D:\nodegame\node_modules\memwatch C:\Users\deif\AppData\Roaming\npm-cache\1fabc9c1-D-nodegame-node-modules-memwatch.lock
177 silly lockFile 096db77f-cache-memwatch-0-2-2-package-tgz C:\Users\deif\AppData\Roaming\npm-cache\memwatch\0.2.2\package.tgz
178 verbose lock C:\Users\deif\AppData\Roaming\npm-cache\memwatch\0.2.2\package.tgz C:\Users\deif\AppData\Roaming\npm-cache\096db77f-cache-memwatch-0-2-2-package-tgz.lock
179 silly gunzTarPerm modes [ '755', '644' ]
180 silly gunzTarPerm extractEntry package.json
181 silly gunzTarPerm modified mode [ 'package.json', 438, 420 ]
182 silly gunzTarPerm extractEntry .npmignore
183 silly gunzTarPerm modified mode [ '.npmignore', 438, 420 ]
184 silly gunzTarPerm extractEntry README.md
185 silly gunzTarPerm modified mode [ 'README.md', 438, 420 ]
186 silly gunzTarPerm extractEntry tests.js
187 silly gunzTarPerm modified mode [ 'tests.js', 438, 420 ]
188 silly gunzTarPerm extractEntry include.js
189 silly gunzTarPerm modified mode [ 'include.js', 438, 420 ]
190 silly gunzTarPerm extractEntry foo.js
191 silly gunzTarPerm modified mode [ 'foo.js', 438, 420 ]
192 silly gunzTarPerm extractEntry examples/basic_heapdiff.js
193 silly gunzTarPerm modified mode [ 'examples/basic_heapdiff.js', 438, 420 ]
194 silly gunzTarPerm extractEntry examples/do_nothing_server.js
195 silly gunzTarPerm modified mode [ 'examples/do_nothing_server.js', 438, 420 ]
196 silly gunzTarPerm extractEntry examples/slightly_leaky.js
197 silly gunzTarPerm modified mode [ 'examples/slightly_leaky.js', 438, 420 ]
198 silly gunzTarPerm extractEntry ChangeLog
199 silly gunzTarPerm modified mode [ 'ChangeLog', 438, 420 ]
200 silly gunzTarPerm extractEntry binding.gyp
201 silly gunzTarPerm modified mode [ 'binding.gyp', 438, 420 ]
202 silly gunzTarPerm extractEntry .travis.yml
203 silly gunzTarPerm modified mode [ '.travis.yml', 438, 420 ]
204 silly gunzTarPerm extractEntry src/heapdiff.cc
205 silly gunzTarPerm modified mode [ 'src/heapdiff.cc', 438, 420 ]
206 silly gunzTarPerm extractEntry src/heapdiff.hh
207 silly gunzTarPerm modified mode [ 'src/heapdiff.hh', 438, 420 ]
208 silly gunzTarPerm extractEntry src/init.cc
209 silly gunzTarPerm modified mode [ 'src/init.cc', 438, 420 ]
210 silly gunzTarPerm extractEntry src/memwatch.cc
211 silly gunzTarPerm modified mode [ 'src/memwatch.cc', 438, 420 ]
212 silly gunzTarPerm extractEntry src/memwatch.hh
213 silly gunzTarPerm modified mode [ 'src/memwatch.hh', 438, 420 ]
214 silly gunzTarPerm extractEntry src/platformcompat.hh
215 silly gunzTarPerm modified mode [ 'src/platformcompat.hh', 438, 420 ]
216 silly gunzTarPerm extractEntry src/util.cc
217 silly gunzTarPerm modified mode [ 'src/util.cc', 438, 420 ]
218 silly gunzTarPerm extractEntry src/util.hh
219 silly gunzTarPerm modified mode [ 'src/util.hh', 438, 420 ]
220 silly gunzTarPerm extractEntry #wscript#
221 silly gunzTarPerm modified mode [ '#wscript#', 438, 420 ]
222 verbose read json D:\nodegame\node_modules\memwatch\package.json
223 silly lockFile 1fabc9c1-D-nodegame-node-modules-memwatch D:\nodegame\node_modules\memwatch
224 silly lockFile 1fabc9c1-D-nodegame-node-modules-memwatch D:\nodegame\node_modules\memwatch
225 silly lockFile 096db77f-cache-memwatch-0-2-2-package-tgz C:\Users\deif\AppData\Roaming\npm-cache\memwatch\0.2.2\package.tgz
226 silly lockFile 096db77f-cache-memwatch-0-2-2-package-tgz C:\Users\deif\AppData\Roaming\npm-cache\memwatch\0.2.2\package.tgz
227 info preinstall memwatch@0.2.2
228 verbose from cache D:\nodegame\node_modules\memwatch\package.json
229 verbose readDependencies using package.json deps
230 verbose from cache D:\nodegame\node_modules\memwatch\package.json
231 verbose readDependencies using package.json deps
232 silly resolved []
233 verbose about to build D:\nodegame\node_modules\memwatch
234 info build D:\nodegame\node_modules\memwatch
235 verbose from cache D:\nodegame\node_modules\memwatch\package.json
236 verbose linkStuff [ false, false, false, 'D:\\nodegame\\node_modules' ]
237 info linkStuff memwatch@0.2.2
238 verbose linkBins memwatch@0.2.2
239 verbose linkMans memwatch@0.2.2
240 verbose rebuildBundles memwatch@0.2.2
241 info install memwatch@0.2.2
242 verbose unsafe-perm in lifecycle true
243 silly exec cmd "/c" "node-gyp rebuild"
244 silly cmd,/c,node-gyp rebuild,D:\nodegame\node_modules\memwatch spawning
245 info memwatch@0.2.2 Failed to exec install script
246 info D:\nodegame\node_modules\memwatch unbuild
247 verbose from cache D:\nodegame\node_modules\memwatch\package.json
248 info preuninstall memwatch@0.2.2
249 info uninstall memwatch@0.2.2
250 verbose true,D:\nodegame\node_modules,D:\nodegame\node_modules unbuild memwatch@0.2.2
251 info postuninstall memwatch@0.2.2
252 error memwatch@0.2.2 install: `node-gyp rebuild`
252 error `cmd "/c" "node-gyp rebuild"` failed with 1
253 error Failed at the memwatch@0.2.2 install script.
253 error This is most likely a problem with the memwatch package,
253 error not with npm itself.
253 error Tell the author that this fails on your system:
253 error     node-gyp rebuild
253 error You can get their info via:
253 error     npm owner ls memwatch
253 error There is likely additional logging output above.
254 error System Windows_NT 6.1.7601
255 error command "C:\\Program Files\\nodejs\\\\node.exe" "C:\\Program Files\\nodejs\\node_modules\\npm\\bin\\npm-cli.js" "install" "memwatch" "--save-dev"
256 error cwd D:\nodegame
257 error node -v v0.10.5
258 error npm -v 1.2.18
259 error code ELIFECYCLE
260 verbose exit [ 1, true ]
